<?xml version="1.0" encoding="UTF-8"?>
<!-- Generated by org.testng.reporters.JUnitXMLReporter -->
<testsuite ignored="0" hostname="LAPTOP-NOMQEQQ4" failures="0" tests="3" name="Default test" time="50.103" errors="0" timestamp="2024-09-18T19:05:24 IST">
  <testcase classname="test.Assesment.test.EntrataTests" name="DemoTab" time="6.155"/>
  <testcase classname="test.Assesment.test.EntrataTests" name="checkDesktopVersionLinks" time="18.854"/>
  <testcase classname="test.Assesment.test.EntrataTests" name="validateResidateLoginPage" time="6.84"/>
</testsuite> <!-- Default test -->
