<?xml version="1.0" encoding="UTF-8"?>
<testng-results ignored="0" total="3" passed="3" failed="0" skipped="0">
  <reporter-output>
    <line>
      <![CDATA[Discover More]]>
    </line>
    <line>
      <![CDATA[Go to Product Page]]>
    </line>
    <line>
      <![CDATA[Explore More]]>
    </line>
    <line>
      <![CDATA[Explore More]]>
    </line>
    <line>
      <![CDATA[Schedule Demo]]>
    </line>
    <line>
      <![CDATA[Explore More]]>
    </line>
    <line>
      <![CDATA[Explore More]]>
    </line>
    <line>
      <![CDATA[Welcome to the Resident Portal App]]>
    </line>
  </reporter-output>
  <suite started-at="2024-09-18T19:04:34 IST" name="Default suite" finished-at="2024-09-18T19:05:24 IST" duration-ms="50103">
    <groups>
    </groups>
    <test started-at="2024-09-18T19:04:34 IST" name="Default test" finished-at="2024-09-18T19:05:24 IST" duration-ms="50103">
      <class name="test.Assesment.test.EntrataTests">
        <test-method is-config="true" signature="setup()[pri:0, instance:test.Assesment.test.EntrataTests@298a5e20]" started-at="2024-09-18T19:04:34 IST" name="setup" finished-at="2024-09-18T19:04:51 IST" duration-ms="17725" status="PASS">
          <reporter-output>
          </reporter-output>
        </test-method> <!-- setup -->
        <test-method signature="DemoTab()[pri:1, instance:test.Assesment.test.EntrataTests@298a5e20]" started-at="2024-09-18T19:04:51 IST" name="DemoTab" finished-at="2024-09-18T19:04:58 IST" duration-ms="6155" status="PASS">
          <reporter-output>
          </reporter-output>
        </test-method> <!-- DemoTab -->
        <test-method signature="checkDesktopVersionLinks()[pri:2, instance:test.Assesment.test.EntrataTests@298a5e20]" started-at="2024-09-18T19:04:58 IST" name="checkDesktopVersionLinks" finished-at="2024-09-18T19:05:16 IST" duration-ms="18854" status="PASS">
          <reporter-output>
            <line>
              <![CDATA[Discover More]]>
            </line>
            <line>
              <![CDATA[Go to Product Page]]>
            </line>
            <line>
              <![CDATA[Explore More]]>
            </line>
            <line>
              <![CDATA[Explore More]]>
            </line>
            <line>
              <![CDATA[Schedule Demo]]>
            </line>
            <line>
              <![CDATA[Explore More]]>
            </line>
            <line>
              <![CDATA[Explore More]]>
            </line>
          </reporter-output>
        </test-method> <!-- checkDesktopVersionLinks -->
        <test-method signature="validateResidateLoginPage()[pri:3, instance:test.Assesment.test.EntrataTests@298a5e20]" started-at="2024-09-18T19:05:16 IST" name="validateResidateLoginPage" finished-at="2024-09-18T19:05:23 IST" duration-ms="6840" status="PASS">
          <reporter-output>
            <line>
              <![CDATA[Welcome to the Resident Portal App]]>
            </line>
          </reporter-output>
        </test-method> <!-- validateResidateLoginPage -->
        <test-method is-config="true" signature="closeBrowser()[pri:0, instance:test.Assesment.test.EntrataTests@298a5e20]" started-at="2024-09-18T19:05:23 IST" name="closeBrowser" finished-at="2024-09-18T19:05:24 IST" duration-ms="456" status="PASS">
          <reporter-output>
          </reporter-output>
        </test-method> <!-- closeBrowser -->
      </class> <!-- test.Assesment.test.EntrataTests -->
    </test> <!-- Default test -->
  </suite> <!-- Default suite -->
</testng-results>
